0 info it worked if it ends with ok
1 verbose cli [ '/usr/bin/node', '/usr/bin/npm', 'run', 'js' ]
2 info using npm@3.5.2
3 info using node@v8.10.0
4 verbose run-script [ 'prejs', 'js', 'postjs' ]
5 info lifecycle alexbishop.github.io@1.0.0~prejs: alexbishop.github.io@1.0.0
6 silly lifecycle alexbishop.github.io@1.0.0~prejs: no script for prejs, continuing
7 info lifecycle alexbishop.github.io@1.0.0~js: alexbishop.github.io@1.0.0
8 verbose lifecycle alexbishop.github.io@1.0.0~js: unsafe-perm in lifecycle true
9 verbose lifecycle alexbishop.github.io@1.0.0~js: PATH: /usr/share/npm/bin/node-gyp-bin:/home/alex/alexbishop.github.io/node_modules/.bin:/usr/local/sbin:/usr/local/bin:/usr/sbin:/usr/bin:/sbin:/bin:/usr/games:/usr/local/games:/snap/bin
10 verbose lifecycle alexbishop.github.io@1.0.0~js: CWD: /home/alex/alexbishop.github.io
11 silly lifecycle alexbishop.github.io@1.0.0~js: Args: [ '-c', 'npm-run-all js-bootstrap.native js-uglify' ]
12 silly lifecycle alexbishop.github.io@1.0.0~js: Returned: code: 1  signal: null
13 info lifecycle alexbishop.github.io@1.0.0~js: Failed to exec js script
14 verbose stack Error: alexbishop.github.io@1.0.0 js: `npm-run-all js-bootstrap.native js-uglify`
14 verbose stack Exit status 1
14 verbose stack     at EventEmitter.<anonymous> (/usr/share/npm/lib/utils/lifecycle.js:232:16)
14 verbose stack     at emitTwo (events.js:126:13)
14 verbose stack     at EventEmitter.emit (events.js:214:7)
14 verbose stack     at ChildProcess.<anonymous> (/usr/share/npm/lib/utils/spawn.js:24:14)
14 verbose stack     at emitTwo (events.js:126:13)
14 verbose stack     at ChildProcess.emit (events.js:214:7)
14 verbose stack     at maybeClose (internal/child_process.js:925:16)
14 verbose stack     at Process.ChildProcess._handle.onexit (internal/child_process.js:209:5)
15 verbose pkgid alexbishop.github.io@1.0.0
16 verbose cwd /home/alex/alexbishop.github.io
17 error Linux 4.15.0-58-generic
18 error argv "/usr/bin/node" "/usr/bin/npm" "run" "js"
19 error node v8.10.0
20 error npm  v3.5.2
21 error code ELIFECYCLE
22 error alexbishop.github.io@1.0.0 js: `npm-run-all js-bootstrap.native js-uglify`
22 error Exit status 1
23 error Failed at the alexbishop.github.io@1.0.0 js script 'npm-run-all js-bootstrap.native js-uglify'.
23 error Make sure you have the latest version of node.js and npm installed.
23 error If you do, this is most likely a problem with the alexbishop.github.io package,
23 error not with npm itself.
23 error Tell the author that this fails on your system:
23 error     npm-run-all js-bootstrap.native js-uglify
23 error You can get information on how to open an issue for this project with:
23 error     npm bugs alexbishop.github.io
23 error Or if that isn't available, you can get their info via:
23 error     npm owner ls alexbishop.github.io
23 error There is likely additional logging output above.
24 verbose exit [ 1, true ]
